<?xml version="1.0" encoding="UTF-8"?>
<testsuite xmlns:xsi="http://www.w3.org/2001/XMLSchema-instance" xsi:noNamespaceSchemaLocation="https://maven.apache.org/surefire/maven-surefire-plugin/xsd/surefire-test-report-3.0.xsd" version="3.0" name="com.google.Part3Test" time="0.082" tests="9" errors="0" skipped="0" failures="0">
  <properties>
[...]
</properties>
  <testcase name="testSearchVideosNoResults" classname="com.google.Part3Test" time="0.029"/>
  <testcase name="testSearchVideosWithNoAnswer" classname="com.google.Part3Test" time="0.016"/>
  <testcase name="testSearchVideosWithTagAnswerOutOfBounds" classname="com.google.Part3Test" time="0.004"/>
  <testcase name="testSearchVideosAndPlayAnswer" classname="com.google.Part3Test" time="0.003"/>
  <testcase name="testSearchVideosWithTagPlayAnswer" classname="com.google.Part3Test" time="0.003"/>
  <testcase name="testSearchVideosInvalidNumber" classname="com.google.Part3Test" time="0.003"/>
  <testcase name="testSearchVideosWithTagNoResults" classname="com.google.Part3Test" time="0.002"/>
  <testcase name="testSearchVideosWithTagNoAnswer" classname="com.google.Part3Test" time="0.004"/>
  <testcase name="testSearchVideosAnswerOutOfBounds" classname="com.google.Part3Test" time="0.003"/>
</testsuite>